
> @link-assistant/web-capture@1.7.8 test
> node --experimental-vm-modules ./node_modules/.bin/jest --testPathPattern=gdocs --runInBand

(node:653418) ExperimentalWarning: VM Modules is an experimental feature and might change at any time
(Use `node --trace-warnings ...` to show where the warning was created)
PASS tests/unit/gdocs.test.js
  gdocs
    isGoogleDocsUrl
      ✓ returns true for standard Google Docs edit URL (1 ms)
      ✓ returns true for URL with query parameters
      ✓ returns true for URL without /edit (1 ms)
      ✓ returns false for non-Google Docs URL
      ✓ returns false for Google Sheets URL
      ✓ returns false for empty string
      ✓ returns false for null (1 ms)
      ✓ returns false for undefined
      ✓ returns false for non-string input
    extractDocumentId
      ✓ extracts document ID from standard URL (1 ms)
      ✓ extracts document ID from URL with query params
      ✓ extracts document ID with hyphens and underscores
      ✓ returns null for non-Google Docs URL
      ✓ returns null for empty string (1 ms)
      ✓ returns null for null input
    buildExportUrl
      ✓ builds HTML export URL
      ✓ builds Markdown export URL
      ✓ builds PDF export URL
      ✓ builds TXT export URL
      ✓ defaults to html for unknown format
      ✓ defaults to html when format is omitted
      ✓ uses the real document ID from test document
    capture method selection (issue #72)
      ✓ honors explicit browser capture for Google Docs URLs
      ✓ uses public export for API capture without token (3 ms)
      ✓ uses Docs REST API for API capture with token
    buildEditUrl
      ✓ builds the fresh Google Docs editor URL
    buildDocsApiUrl
      ✓ builds the Google Docs REST API URL (1 ms)
    parseGoogleDocsModelChunks (issue #72)
      ✓ includes regular and suggested text from DOCS_modelChunk data (1 ms)
      ✓ accepts individual DOCS_modelChunk items captured from push calls
      ✓ extracts table cells and suggested images from DOCS_modelChunk data (1 ms)
      ✓ renders model style records for headings, inline formatting, links, lists, blockquotes, rules, and images (1 ms)
    renderDocsApiDocument (issue #72)
      ✓ renders Google Docs REST API paragraphs, tables, and inline images (1 ms)
    GDOCS_EXPORT_FORMATS
      ✓ contains all expected formats
    extractBase64Images
      ✓ extracts a single PNG data URI image (1 ms)
      ✓ extracts multiple images with correct numbering and extensions (1 ms)
      ✓ returns empty array when no data URI images
      ✓ preserves non-data-URI images
    image extraction pipeline (issue #53)
      ✓ extractBase64Images from HTML produces images with data buffers (2 ms)
      ✓ default markdown mode extracts base64 images to disk (not strip) (2 ms)
      ✓ keepOriginalLinks strips base64 images
      ✓ extractBase64ToBuffers produces in-memory buffers for archive (1 ms)

PASS tests/integration/gdocs-public-doc.test.js
  Google Docs public test document (issue #90)
    URL variations
      ✓ accepts https://docs.google.com/document/d/1f5zI2xOFpKa90v0GjamO_t7lqSdzMlaM as a Google Docs URL (2 ms)
      ✓ accepts https://docs.google.com/document/d/1f5zI2xOFpKa90v0GjamO_t7lqSdzMlaM/edit as a Google Docs URL
      ✓ accepts https://docs.google.com/document/d/1f5zI2xOFpKa90v0GjamO_t7lqSdzMlaM/edit?usp=sharing as a Google Docs URL
      ✓ accepts https://docs.google.com/document/d/1f5zI2xOFpKa90v0GjamO_t7lqSdzMlaM/edit?usp=sharing&ouid=102030405060708090100&rtpof=true&sd=true as a Google Docs URL
      ✓ accepts https://docs.google.com/document/d/1f5zI2xOFpKa90v0GjamO_t7lqSdzMlaM/edit?tab=t.0 as a Google Docs URL
      ✓ extracts the public document ID from https://docs.google.com/document/d/1f5zI2xOFpKa90v0GjamO_t7lqSdzMlaM
      ✓ extracts the public document ID from https://docs.google.com/document/d/1f5zI2xOFpKa90v0GjamO_t7lqSdzMlaM/edit
      ✓ extracts the public document ID from https://docs.google.com/document/d/1f5zI2xOFpKa90v0GjamO_t7lqSdzMlaM/edit?usp=sharing
      ✓ extracts the public document ID from https://docs.google.com/document/d/1f5zI2xOFpKa90v0GjamO_t7lqSdzMlaM/edit?usp=sharing&ouid=102030405060708090100&rtpof=true&sd=true (7 ms)
      ✓ extracts the public document ID from https://docs.google.com/document/d/1f5zI2xOFpKa90v0GjamO_t7lqSdzMlaM/edit?tab=t.0
      ✓ builds the expected export URL for the public document (1 ms)
      ✓ builds the expected editor URL for the public document
      ✓ builds the expected Docs API URL for the public document
    Capture method selection (issue #72 regression guard)
      ✓ routes --capture browser to the editor-model backend
      ✓ routes --capture api to the public-export backend when no token
      ✓ routes --capture api with a token to the Docs REST API backend
    Reference markdown fixture
      ✓ contains every feature category documented in issue #90 (1 ms)
      ✓ embeds the four test images referenced by the issue
    Live capture against the public document
      ○ skipped fetches the public document via --capture api and returns markdown
      ○ skipped resolves https://docs.google.com/document/d/1f5zI2xOFpKa90v0GjamO_t7lqSdzMlaM to the same document when capturing
      ○ skipped resolves https://docs.google.com/document/d/1f5zI2xOFpKa90v0GjamO_t7lqSdzMlaM/edit to the same document when capturing
      ○ skipped resolves https://docs.google.com/document/d/1f5zI2xOFpKa90v0GjamO_t7lqSdzMlaM/edit?usp=sharing to the same document when capturing
      ○ skipped resolves https://docs.google.com/document/d/1f5zI2xOFpKa90v0GjamO_t7lqSdzMlaM/edit?usp=sharing&ouid=102030405060708090100&rtpof=true&sd=true to the same document when capturing
      ○ skipped resolves https://docs.google.com/document/d/1f5zI2xOFpKa90v0GjamO_t7lqSdzMlaM/edit?tab=t.0 to the same document when capturing
      ○ skipped captures the public document via --capture browser and renders DOCS_modelChunk markdown

Test Suites: 2 passed, 2 total
Tests:       7 skipped, 59 passed, 66 total
Snapshots:   0 total
Time:        0.984 s, estimated 1 s
Ran all test suites matching /gdocs/i.
