    Blocking waiting for file lock on package cache
    Blocking waiting for file lock on package cache
    Blocking waiting for file lock on package cache
   Compiling web-capture v0.3.2 (/tmp/gh-issue-solver-1776696461311/rust)
    Finished `test` profile [unoptimized + debuginfo] target(s) in 2.86s
     Running tests/integration/mod.rs (target/debug/deps/integration-7146b2b7d589b7ac)

running 19 tests
test gdocs::test_build_edit_url ... ok
test gdocs::test_build_docs_api_url ... ok
test gdocs::test_capture_method_selection_honors_browser_flag ... ok
test gdocs::test_build_export_url ... ok
test gdocs::test_create_archive_zip_produces_valid_zip ... ok
test gdocs::test_create_archive_zip_empty_images ... ok
test gdocs::test_extract_bearer_token ... ok
test gdocs::test_extract_base64_images_no_images ... ok
test gdocs::test_is_google_docs_url_invalid ... ok
test gdocs::test_extract_document_id ... ok
test gdocs::test_extract_base64_images_multiple ... ok
test gdocs::test_is_google_docs_url_valid ... ok
test gdocs::test_extract_base64_images_preserves_non_data_images ... ok
test gdocs::test_parse_model_chunks_accepts_individual_model_items ... ok
test gdocs::test_parse_model_chunks_includes_suggestions_and_images ... ok
test gdocs::test_extract_base64_images_single ... ok
test gdocs::test_parse_model_chunks_translates_utf16_positions ... ok
test gdocs::test_render_docs_api_document_paragraphs_tables_and_images ... ok
test gdocs::test_parse_model_chunks_renders_style_records ... ok

test result: ok. 19 passed; 0 failed; 0 ignored; 0 measured; 41 filtered out; finished in 0.00s
