
> @link-assistant/web-capture@1.10.8 test
> node --experimental-vm-modules ./node_modules/.bin/jest --runTestsByPath tests/unit/detect-code-changes.test.js tests/unit/rust-dockerfile.test.js tests/unit/workflow-policy.test.js

(node:1663092) ExperimentalWarning: VM Modules is an experimental feature and might change at any time
(Use `node --trace-warnings ...` to show where the warning was created)
PASS tests/unit/detect-code-changes.test.js
  detect-code-changes
    ✓ detects code introduced by a real merge commit pushed to main (171 ms)
    ✓ keeps pull request merge commits scoped to the PR head commit (157 ms)
    ✓ detects files when a push only has one commit (110 ms)

PASS tests/unit/workflow-policy.test.js
  workflow policy
    ✓ .github/workflows/js.yml uses release-safe concurrency cancellation (1 ms)
    ✓ .github/workflows/rust.yml uses release-safe concurrency cancellation
    ✓ .github/workflows/parity.yml uses release-safe concurrency cancellation (1 ms)
    ✓ .github/workflows/js.yml uses the current checkout action
    ✓ .github/workflows/rust.yml uses the current checkout action (1 ms)
    ✓ .github/workflows/parity.yml uses the current checkout action
    ✓ Rust workflow uses the current cache action

PASS tests/unit/rust-dockerfile.test.js
  Rust Dockerfile
    ✓ uses a Rust builder image that satisfies Cargo.toml rust-version (2 ms)

Test Suites: 3 passed, 3 total
Tests:       11 passed, 11 total
Snapshots:   0 total
Time:        0.998 s, estimated 1 s
Ran all test suites within paths "tests/unit/detect-code-changes.test.js", "tests/unit/rust-dockerfile.test.js", "tests/unit/workflow-policy.test.js".
