
> @link-assistant/web-capture@1.10.8 lint
> eslint .


/tmp/gh-issue-solver-1781467950382/js/bin/web-capture.js
   32:10  warning  Method 'yargs' has too many lines (261). Maximum allowed is 150                   max-lines-per-function
  574:1   warning  Async function 'captureUrl' has too many lines (742). Maximum allowed is 150      max-lines-per-function
  574:1   warning  Async function 'captureUrl' has too many statements (311). Maximum allowed is 60  max-statements
  574:1   warning  Async function 'captureUrl' has a complexity of 136. Maximum allowed is 15        complexity
  858:13  warning  Blocks are nested too deeply (6). Maximum allowed is 5                            max-depth
  881:13  warning  Blocks are nested too deeply (6). Maximum allowed is 5                            max-depth

/tmp/gh-issue-solver-1781467950382/js/src/animation.js
  93:8  warning  Async function 'captureAnimationFrames' has a complexity of 19. Maximum allowed is 15  complexity

/tmp/gh-issue-solver-1781467950382/js/src/archive.js
  31:8  warning  Async function 'archiveHandler' has too many lines (151). Maximum allowed is 150     max-lines-per-function
  31:8  warning  Async function 'archiveHandler' has too many statements (65). Maximum allowed is 60  max-statements
  31:8  warning  Async function 'archiveHandler' has a complexity of 28. Maximum allowed is 15        complexity

/tmp/gh-issue-solver-1781467950382/js/src/docx.js
  26:8   warning  Async function 'docxHandler' has a complexity of 36. Maximum allowed is 15  complexity
  77:13  warning  Blocks are nested too deeply (6). Maximum allowed is 5                      max-depth

/tmp/gh-issue-solver-1781467950382/js/src/gdocs-images.js
  59:8  warning  Async function 'localizeGoogleDocsModelImages' has a complexity of 21. Maximum allowed is 15  complexity

/tmp/gh-issue-solver-1781467950382/js/src/gdocs.js
  578:8  warning  Function 'parseGoogleDocsModelChunks' has too many lines (234). Maximum allowed is 150      max-lines-per-function
  578:8  warning  Function 'parseGoogleDocsModelChunks' has too many statements (113). Maximum allowed is 60  max-statements
  578:8  warning  Function 'parseGoogleDocsModelChunks' has a complexity of 48. Maximum allowed is 15         complexity
  851:1  warning  Function 'buildModelStyleMaps' has a complexity of 17. Maximum allowed is 15                complexity

/tmp/gh-issue-solver-1781467950382/js/src/github.js
  117:8  warning  Function 'formatGithubRepositoryText' has a complexity of 17. Maximum allowed is 15  complexity

/tmp/gh-issue-solver-1781467950382/js/src/image.js
  19:8  warning  Async function 'imageHandler' has a complexity of 20. Maximum allowed is 15  complexity

/tmp/gh-issue-solver-1781467950382/js/src/lib.js
  921:8  warning  Function 'convertHtmlToMarkdownEnhanced' has too many lines (186). Maximum allowed is 150  max-lines-per-function

/tmp/gh-issue-solver-1781467950382/js/src/markdown.js
  32:8  warning  Async function 'markdownHandler' has a complexity of 19. Maximum allowed is 15  complexity

/tmp/gh-issue-solver-1781467950382/js/src/metadata.js
   24:8  warning  Function 'extractMetadata' has too many statements (64). Maximum allowed is 60  max-statements
   24:8  warning  Function 'extractMetadata' has a complexity of 25. Maximum allowed is 15        complexity
  172:8  warning  Function 'formatMetadataBlock' has a complexity of 20. Maximum allowed is 15    complexity
  264:8  warning  Function 'formatFooterBlock' has a complexity of 19. Maximum allowed is 15      complexity

/tmp/gh-issue-solver-1781467950382/js/src/postprocess.js
  103:17  warning  Arrow function has a complexity of 18. Maximum allowed is 15  complexity

/tmp/gh-issue-solver-1781467950382/js/src/verify.js
  91:8  warning  Function 'verifyMarkdownContent' has too many lines (190). Maximum allowed is 150     max-lines-per-function
  91:8  warning  Function 'verifyMarkdownContent' has too many statements (86). Maximum allowed is 60  max-statements
  91:8  warning  Function 'verifyMarkdownContent' has a complexity of 51. Maximum allowed is 15        complexity

✖ 29 problems (0 errors, 29 warnings)
