   Compiling unicode-ident v1.0.24
    Checking cfg-if v1.0.4
    Checking libc v0.2.184
    Checking serde_core v1.0.228
    Checking smallvec v1.15.1
    Checking pin-project-lite v0.2.17
    Checking value-bag v1.12.0
    Checking futures-core v0.3.32
   Compiling proc-macro2 v1.0.106
    Checking itoa v1.0.18
    Checking scopeguard v1.2.0
    Checking log v0.4.29
    Checking memchr v2.8.0
    Checking lock_api v0.4.14
    Checking once_cell v1.21.4
   Compiling quote v1.0.45
    Checking stable_deref_trait v1.2.1
    Checking futures-io v0.3.32
   Compiling siphasher v1.0.2
    Checking slab v0.4.12
   Compiling syn v2.0.117
   Compiling phf_shared v0.11.3
    Checking parking_lot_core v0.9.12
    Checking errno v0.3.14
    Checking bitflags v2.11.0
   Compiling phf_generator v0.11.3
    Checking signal-hook-registry v1.4.8
    Checking parking_lot v0.12.5
    Checking mio v1.2.0
    Checking socket2 v0.6.3
    Checking futures-sink v0.3.32
    Checking crossbeam-utils v0.8.21
   Compiling phf_codegen v0.11.3
    Checking tracing-core v0.1.36
    Checking parking v2.2.1
    Checking futures-channel v0.3.32
    Checking writeable v0.6.3
    Checking concurrent-queue v2.5.0
    Checking litemap v0.8.2
    Checking percent-encoding v2.3.2
    Checking atomic-waker v1.1.2
    Checking utf8_iter v1.0.4
    Checking utf-8 v0.7.6
    Checking futures-task v0.3.32
   Compiling string_cache_codegen v0.5.4
    Checking fastrand v2.4.1
    Checking new_debug_unreachable v1.0.6
    Checking icu_properties_data v2.2.0
    Checking icu_normalizer_data v2.2.0
    Checking zmij v1.0.21
    Checking equivalent v1.0.2
    Checking hashbrown v0.17.0
    Checking fnv v1.0.7
    Checking futures-lite v2.6.1
    Checking httparse v1.10.1
    Checking serde_json v1.0.149
    Checking event-listener v5.4.1
    Checking precomputed-hash v0.1.1
    Checking tower-service v0.3.3
   Compiling time-core v0.1.8
    Checking indexmap v2.14.0
    Checking simd-adler32 v0.3.9
   Compiling num-conv v0.2.1
    Checking mac v0.1.1
    Checking powerfmt v0.2.0
    Checking linux-raw-sys v0.12.1
    Checking futf v0.1.5
    Checking deranged v0.5.8
   Compiling time-macros v0.2.27
    Checking event-listener-strategy v0.5.4
    Checking zerocopy v0.8.48
    Checking crc32fast v1.5.0
    Checking typenum v1.19.0
    Checking form_urlencoded v1.2.2
    Checking aho-corasick v1.1.4
    Checking rustix v1.1.4
    Checking regex-syntax v0.8.10
    Checking foreign-types-shared v0.1.1
   Compiling synstructure v0.13.2
    Checking adler2 v2.0.1
    Checking try-lock v0.2.5
    Checking alloc-no-stdlib v2.0.4
    Checking time v0.3.47
    Checking alloc-stdlib v0.2.2
    Checking want v0.3.1
    Checking miniz_oxide v0.8.9
    Checking regex-automata v0.4.14
   Compiling serde_derive v1.0.228
   Compiling zerofrom-derive v0.1.7
   Compiling yoke-derive v0.8.2
   Compiling zerovec-derive v0.11.3
   Compiling tokio-macros v2.7.0
    Checking zerofrom v0.1.7
   Compiling displaydoc v0.2.5
   Compiling tracing-attributes v0.1.31
    Checking yoke v0.8.2
   Compiling futures-macro v0.3.32
    Checking zerovec v0.11.6
   Compiling phf_macros v0.11.3
    Checking zerotrie v0.2.4
    Checking polling v3.11.0
    Checking tinystr v0.8.3
    Checking potential_utf v0.1.5
    Checking futures-util v0.3.32
    Checking icu_locale_core v2.2.0
    Checking phf v0.11.3
    Checking tracing v0.1.44
    Checking icu_collections v2.2.0
   Compiling openssl-macros v0.1.1
   Compiling thiserror-impl v1.0.69
    Checking serde v1.0.228
    Checking foreign-types v0.3.2
    Checking generic-array v0.14.7
    Checking tendril v0.4.3
    Checking openssl-sys v0.9.113
    Checking bytes v1.11.1
    Checking icu_provider v2.2.0
    Checking string_cache v0.8.9
    Checking icu_properties v2.2.0
    Checking icu_normalizer v2.2.0
    Checking tokio v1.51.1
    Checking http v1.4.0
    Checking zlib-rs v0.6.3
    Checking async-task v4.7.1
    Checking httpdate v1.0.3
    Checking openssl v0.10.77
    Checking idna_adapter v1.2.1
    Checking idna v1.1.0
    Checking http-body v1.0.1
    Checking http-body-util v0.1.3
    Checking thiserror v1.0.69
    Checking async-io v2.6.0
    Checking brotli-decompressor v5.0.0
    Checking async-channel v2.5.0
    Checking flate2 v1.1.9
    Checking getrandom v0.2.17
    Checking sync_wrapper v1.0.2
    Checking ipnet v2.12.0
    Checking openssl-probe v0.2.1
    Checking base64 v0.22.1
    Checking tower-layer v0.3.3
    Checking byteorder v1.5.0
    Checking rand_core v0.6.4
    Checking url v2.5.8
    Checking brotli v8.0.2
    Checking crypto-common v0.1.7
    Checking block-buffer v0.10.4
    Checking ppv-lite86 v0.2.21
    Checking async-lock v3.4.2
   Compiling markup5ever v0.12.1
    Checking piper v0.2.5
    Checking mime v0.3.17
    Checking compression-core v0.4.31
    Checking blocking v1.6.2
    Checking rand_chacha v0.3.1
    Checking digest v0.10.7
    Checking cookie v0.18.1
   Compiling syn v1.0.109
    Checking native-tls v0.2.18
    Checking async-signal v0.2.14
    Checking async-executor v1.14.0
    Checking regex v1.12.3
    Checking utf8parse v0.2.2
    Checking ryu v1.0.23
    Checking either v1.15.0
    Checking cpufeatures v0.2.17
    Checking event-listener v2.5.3
    Checking psl-types v2.0.11
    Checking async-channel v1.9.0
    Checking sha1 v0.10.6
    Checking publicsuffix v2.3.0
    Checking serde_urlencoded v0.7.1
    Checking async-global-executor v2.4.1
    Checking anstyle-parse v1.0.0
    Checking async-process v2.5.0
    Checking tokio-util v0.7.18
    Checking tower v0.5.3
    Checking tokio-native-tls v0.3.1
    Checking rand v0.8.5
    Checking h2 v0.4.13
    Checking chromiumoxide_types v0.7.0
   Compiling html5ever v0.27.0
    Checking compression-codecs v0.4.37
   Compiling markup5ever v0.14.1
    Checking async-compression v0.4.41
    Checking kv-log-macro v1.0.7
    Checking iri-string v0.7.12
    Checking is_terminal_polyfill v1.70.2
    Checking colorchoice v1.0.5
    Checking dtoa v1.0.11
    Checking linux-raw-sys v0.4.15
    Checking heck v0.4.1
    Checking anstyle v1.0.14
    Checking lazy_static v1.5.0
    Checking zeroize v1.8.2
    Checking data-encoding v2.10.0
    Checking pin-utils v0.1.0
    Checking anstyle-query v1.1.5
    Checking rustls-pki-types v1.14.0
    Checking anstream v1.0.0
    Checking tungstenite v0.23.0
    Checking rustix v0.38.44
    Checking chromiumoxide_pdl v0.7.0
    Checking dtoa-short v0.3.5
    Checking tower-http v0.6.8
   Compiling async-attributes v1.1.2
    Checking cookie v0.16.2
    Checking cookie_store v0.22.1
    Checking futures-executor v0.3.32
    Checking async-std v1.13.2
    Checking http v0.2.12
   Compiling cssparser-macros v0.6.1
   Compiling selectors v0.26.0
    Checking encoding_rs v0.8.35
    Checking clap_lex v1.1.0
    Checking strsim v0.11.1
    Checking unicode-segmentation v1.13.2
    Checking home v0.5.12
    Checking option-ext v0.2.0
    Checking base64 v0.21.7
    Checking dirs-sys v0.4.1
   Compiling clap_derive v4.6.0
    Checking hyper v1.9.0
    Checking dtor v0.0.6
    Checking webdriver v0.50.0
    Checking which v6.0.3
    Checking clap_builder v4.6.0
    Checking cssparser v0.34.0
    Checking futures v0.3.32
    Checking async-tungstenite v0.27.0
    Checking hyper-util v0.1.20
    Checking chromiumoxide_cdp v0.7.0
    Checking getrandom v0.3.4
    Checking sharded-slab v0.1.7
    Checking xml5ever v0.18.1
    Checking fxhash v0.2.1
    Checking matchers v0.2.0
   Compiling match_token v0.1.0
   Compiling derive_more v0.99.20
    Checking tracing-log v0.2.0
    Checking servo_arc v0.4.3
    Checking thread_local v1.1.9
    Checking bumpalo v3.20.2
    Checking nu-ansi-term v0.50.3
    Checking futures-timer v3.0.3
    Checking unicode-width v0.2.2
    Checking dunce v1.0.5
    Checking tracing-subscriber v0.3.23
    Checking zopfli v0.8.3
    Checking hyper-tls v0.6.0
    Checking getopts v0.2.24
    Checking reqwest v0.12.28
    Checking fantoccini v0.21.5
    Checking ctor v0.4.3
    Checking html5ever v0.29.1
    Checking markup5ever_rcdom v0.3.0
    Checking clap v4.6.0
    Checking ahash v0.8.12
    Checking anyhow v1.0.102
    Checking dirs v5.0.1
    Checking axum-core v0.5.6
   Compiling async-trait v0.1.89
   Compiling thiserror-impl v2.0.18
    Checking serde_path_to_error v0.1.20
    Checking lino-env v0.1.0
    Checking ego-tree v0.9.0
    Checking dotenvy v0.15.7
    Checking utf8-width v0.1.8
    Checking matchit v0.8.4
    Checking lino-arguments v0.3.0
    Checking html-escape v0.2.13
    Checking scraper v0.21.0
    Checking html2md v0.2.15
    Checking zip v4.6.1
    Checking tokio-stream v0.1.18
    Checking thiserror v2.0.18
    Checking axum v0.8.8
    Checking tokio-test v0.4.5
    Checking chromiumoxide v0.7.0
    Checking browser-commander v0.9.1
    Checking web-capture v0.3.6 (/tmp/gh-issue-solver-1777052151265/rust)
    Finished `dev` profile [unoptimized + debuginfo] target(s) in 54.39s
