JS - Detect Changes	Set up job	﻿2026-04-27T06:17:30.1523868Z Current runner version: '2.333.1'
JS - Detect Changes	Set up job	2026-04-27T06:17:30.1552228Z ##[group]Runner Image Provisioner
JS - Detect Changes	Set up job	2026-04-27T06:17:30.1553043Z Hosted Compute Agent
JS - Detect Changes	Set up job	2026-04-27T06:17:30.1553594Z Version: 20260213.493
JS - Detect Changes	Set up job	2026-04-27T06:17:30.1554123Z Commit: 5c115507f6dd24b8de37d8bbe0bb4509d0cc0fa3
JS - Detect Changes	Set up job	2026-04-27T06:17:30.1554778Z Build Date: 2026-02-13T00:28:41Z
JS - Detect Changes	Set up job	2026-04-27T06:17:30.1555330Z Worker ID: {08de314f-6d10-413a-8173-fd818ed64665}
JS - Detect Changes	Set up job	2026-04-27T06:17:30.1555986Z Azure Region: westcentralus
JS - Detect Changes	Set up job	2026-04-27T06:17:30.1556475Z ##[endgroup]
JS - Detect Changes	Set up job	2026-04-27T06:17:30.1557801Z ##[group]Operating System
JS - Detect Changes	Set up job	2026-04-27T06:17:30.1558348Z Ubuntu
JS - Detect Changes	Set up job	2026-04-27T06:17:30.1558798Z 24.04.4
JS - Detect Changes	Set up job	2026-04-27T06:17:30.1559173Z LTS
JS - Detect Changes	Set up job	2026-04-27T06:17:30.1559607Z ##[endgroup]
JS - Detect Changes	Set up job	2026-04-27T06:17:30.1560052Z ##[group]Runner Image
JS - Detect Changes	Set up job	2026-04-27T06:17:30.1560498Z Image: ubuntu-24.04
JS - Detect Changes	Set up job	2026-04-27T06:17:30.1560985Z Version: 20260413.86.1
JS - Detect Changes	Set up job	2026-04-27T06:17:30.1562115Z Included Software: https://github.com/actions/runner-images/blob/ubuntu24/20260413.86/images/ubuntu/Ubuntu2404-Readme.md
JS - Detect Changes	Set up job	2026-04-27T06:17:30.1563658Z Image Release: https://github.com/actions/runner-images/releases/tag/ubuntu24%2F20260413.86
JS - Detect Changes	Set up job	2026-04-27T06:17:30.1564444Z ##[endgroup]
JS - Detect Changes	Set up job	2026-04-27T06:17:30.1565396Z ##[group]GITHUB_TOKEN Permissions
JS - Detect Changes	Set up job	2026-04-27T06:17:30.1567276Z Contents: read
JS - Detect Changes	Set up job	2026-04-27T06:17:30.1567740Z Metadata: read
JS - Detect Changes	Set up job	2026-04-27T06:17:30.1568238Z Packages: read
JS - Detect Changes	Set up job	2026-04-27T06:17:30.1568680Z ##[endgroup]
JS - Detect Changes	Set up job	2026-04-27T06:17:30.1570696Z Secret source: Actions
JS - Detect Changes	Set up job	2026-04-27T06:17:30.1571364Z Prepare workflow directory
JS - Detect Changes	Set up job	2026-04-27T06:17:30.1971039Z Prepare all required actions
JS - Detect Changes	Set up job	2026-04-27T06:17:30.2010321Z Getting action download info
JS - Detect Changes	Set up job	2026-04-27T06:17:30.5669447Z Download action repository 'actions/checkout@v4' (SHA:34e114876b0b11c390a56381ad16ebd13914f8d5)
JS - Detect Changes	Set up job	2026-04-27T06:17:30.7304594Z Complete job name: JS - Detect Changes
JS - Detect Changes	Run actions/checkout@v4	﻿2026-04-27T06:17:30.7935738Z ##[group]Run actions/checkout@v4
JS - Detect Changes	Run actions/checkout@v4	2026-04-27T06:17:30.7936669Z with:
JS - Detect Changes	Run actions/checkout@v4	2026-04-27T06:17:30.7937090Z   fetch-depth: 0
JS - Detect Changes	Run actions/checkout@v4	2026-04-27T06:17:30.7937572Z   repository: link-assistant/web-capture
JS - Detect Changes	Run actions/checkout@v4	2026-04-27T06:17:30.7938382Z   token: ***
JS - Detect Changes	Run actions/checkout@v4	2026-04-27T06:17:30.7938784Z   ssh-strict: true
JS - Detect Changes	Run actions/checkout@v4	2026-04-27T06:17:30.7939234Z   ssh-user: git
JS - Detect Changes	Run actions/checkout@v4	2026-04-27T06:17:30.7939913Z   persist-credentials: true
JS - Detect Changes	Run actions/checkout@v4	2026-04-27T06:17:30.7940423Z   clean: true
JS - Detect Changes	Run actions/checkout@v4	2026-04-27T06:17:30.7940817Z   sparse-checkout-cone-mode: true
JS - Detect Changes	Run actions/checkout@v4	2026-04-27T06:17:30.7941302Z   fetch-tags: false
JS - Detect Changes	Run actions/checkout@v4	2026-04-27T06:17:30.7942056Z   show-progress: true
JS - Detect Changes	Run actions/checkout@v4	2026-04-27T06:17:30.7942535Z   lfs: false
JS - Detect Changes	Run actions/checkout@v4	2026-04-27T06:17:30.7942924Z   submodules: false
JS - Detect Changes	Run actions/checkout@v4	2026-04-27T06:17:30.7943384Z   set-safe-directory: true
JS - Detect Changes	Run actions/checkout@v4	2026-04-27T06:17:30.7944196Z ##[endgroup]
JS - Detect Changes	Run actions/checkout@v4	2026-04-27T06:17:30.8998003Z Syncing repository: link-assistant/web-capture
JS - Detect Changes	Run actions/checkout@v4	2026-04-27T06:17:30.9000011Z ##[group]Getting Git version info
JS - Detect Changes	Run actions/checkout@v4	2026-04-27T06:17:30.9000794Z Working directory is '/home/runner/work/web-capture/web-capture'
JS - Detect Changes	Run actions/checkout@v4	2026-04-27T06:17:30.9002432Z [command]/usr/bin/git version
JS - Detect Changes	Run actions/checkout@v4	2026-04-27T06:17:30.9039163Z git version 2.53.0
JS - Detect Changes	Run actions/checkout@v4	2026-04-27T06:17:30.9062988Z ##[endgroup]
JS - Detect Changes	Run actions/checkout@v4	2026-04-27T06:17:30.9076252Z Temporarily overriding HOME='/home/runner/work/_temp/3de2b3ea-e4c9-4eb5-96c0-02c35680f655' before making global git config changes
JS - Detect Changes	Run actions/checkout@v4	2026-04-27T06:17:30.9077588Z Adding repository directory to the temporary git global config as a safe directory
JS - Detect Changes	Run actions/checkout@v4	2026-04-27T06:17:30.9081093Z [command]/usr/bin/git config --global --add safe.directory /home/runner/work/web-capture/web-capture
JS - Detect Changes	Run actions/checkout@v4	2026-04-27T06:17:30.9110978Z Deleting the contents of '/home/runner/work/web-capture/web-capture'
JS - Detect Changes	Run actions/checkout@v4	2026-04-27T06:17:30.9114250Z ##[group]Initializing the repository
JS - Detect Changes	Run actions/checkout@v4	2026-04-27T06:17:30.9118409Z [command]/usr/bin/git init /home/runner/work/web-capture/web-capture
JS - Detect Changes	Run actions/checkout@v4	2026-04-27T06:17:30.9199993Z hint: Using 'master' as the name for the initial branch. This default branch name
JS - Detect Changes	Run actions/checkout@v4	2026-04-27T06:17:30.9201834Z hint: will change to "main" in Git 3.0. To configure the initial branch name
JS - Detect Changes	Run actions/checkout@v4	2026-04-27T06:17:30.9203499Z hint: to use in all of your new repositories, which will suppress this warning,
JS - Detect Changes	Run actions/checkout@v4	2026-04-27T06:17:30.9204774Z hint: call:
JS - Detect Changes	Run actions/checkout@v4	2026-04-27T06:17:30.9205803Z hint:
JS - Detect Changes	Run actions/checkout@v4	2026-04-27T06:17:30.9207026Z hint: 	git config --global init.defaultBranch <name>
JS - Detect Changes	Run actions/checkout@v4	2026-04-27T06:17:30.9207995Z hint:
JS - Detect Changes	Run actions/checkout@v4	2026-04-27T06:17:30.9209021Z hint: Names commonly chosen instead of 'master' are 'main', 'trunk' and
JS - Detect Changes	Run actions/checkout@v4	2026-04-27T06:17:30.9210497Z hint: 'development'. The just-created branch can be renamed via this command:
JS - Detect Changes	Run actions/checkout@v4	2026-04-27T06:17:30.9211833Z hint:
JS - Detect Changes	Run actions/checkout@v4	2026-04-27T06:17:30.9212619Z hint: 	git branch -m <name>
JS - Detect Changes	Run actions/checkout@v4	2026-04-27T06:17:30.9213379Z hint:
JS - Detect Changes	Run actions/checkout@v4	2026-04-27T06:17:30.9214456Z hint: Disable this message with "git config set advice.defaultBranchName false"
JS - Detect Changes	Run actions/checkout@v4	2026-04-27T06:17:30.9216057Z Initialized empty Git repository in /home/runner/work/web-capture/web-capture/.git/
JS - Detect Changes	Run actions/checkout@v4	2026-04-27T06:17:30.9218846Z [command]/usr/bin/git remote add origin https://github.com/link-assistant/web-capture
JS - Detect Changes	Run actions/checkout@v4	2026-04-27T06:17:30.9238517Z ##[endgroup]
JS - Detect Changes	Run actions/checkout@v4	2026-04-27T06:17:30.9239840Z ##[group]Disabling automatic garbage collection
JS - Detect Changes	Run actions/checkout@v4	2026-04-27T06:17:30.9243557Z [command]/usr/bin/git config --local gc.auto 0
JS - Detect Changes	Run actions/checkout@v4	2026-04-27T06:17:30.9266658Z ##[endgroup]
JS - Detect Changes	Run actions/checkout@v4	2026-04-27T06:17:30.9267888Z ##[group]Setting up auth
JS - Detect Changes	Run actions/checkout@v4	2026-04-27T06:17:30.9274185Z [command]/usr/bin/git config --local --name-only --get-regexp core\.sshCommand
JS - Detect Changes	Run actions/checkout@v4	2026-04-27T06:17:30.9297629Z [command]/usr/bin/git submodule foreach --recursive sh -c "git config --local --name-only --get-regexp 'core\.sshCommand' && git config --local --unset-all 'core.sshCommand' || :"
JS - Detect Changes	Run actions/checkout@v4	2026-04-27T06:17:30.9540307Z [command]/usr/bin/git config --local --name-only --get-regexp http\.https\:\/\/github\.com\/\.extraheader
JS - Detect Changes	Run actions/checkout@v4	2026-04-27T06:17:30.9563822Z [command]/usr/bin/git submodule foreach --recursive sh -c "git config --local --name-only --get-regexp 'http\.https\:\/\/github\.com\/\.extraheader' && git config --local --unset-all 'http.https://github.com/.extraheader' || :"
JS - Detect Changes	Run actions/checkout@v4	2026-04-27T06:17:30.9745863Z [command]/usr/bin/git config --local --name-only --get-regexp ^includeIf\.gitdir:
JS - Detect Changes	Run actions/checkout@v4	2026-04-27T06:17:30.9772772Z [command]/usr/bin/git submodule foreach --recursive git config --local --show-origin --name-only --get-regexp remote.origin.url
JS - Detect Changes	Run actions/checkout@v4	2026-04-27T06:17:30.9950797Z [command]/usr/bin/git config --local http.https://github.com/.extraheader AUTHORIZATION: basic ***
JS - Detect Changes	Run actions/checkout@v4	2026-04-27T06:17:30.9980616Z ##[endgroup]
JS - Detect Changes	Run actions/checkout@v4	2026-04-27T06:17:30.9988873Z ##[group]Fetching the repository
JS - Detect Changes	Run actions/checkout@v4	2026-04-27T06:17:30.9990348Z [command]/usr/bin/git -c protocol.version=2 fetch --prune --no-recurse-submodules origin +refs/heads/*:refs/remotes/origin/* +refs/tags/*:refs/tags/* +4c515f52cc9fb435956148e71344106f91fa3372:refs/remotes/pull/109/merge
JS - Detect Changes	Run actions/checkout@v4	2026-04-27T06:17:33.0138401Z From https://github.com/link-assistant/web-capture
JS - Detect Changes	Run actions/checkout@v4	2026-04-27T06:17:33.0141838Z  * [new branch]      issue-1-5017a66c05a8                     -> origin/issue-1-5017a66c05a8
JS - Detect Changes	Run actions/checkout@v4	2026-04-27T06:17:33.0145241Z  * [new branch]      issue-100-99e0a350ea14                   -> origin/issue-100-99e0a350ea14
JS - Detect Changes	Run actions/checkout@v4	2026-04-27T06:17:33.0148306Z  * [new branch]      issue-102-7f05baee1eea                   -> origin/issue-102-7f05baee1eea
JS - Detect Changes	Run actions/checkout@v4	2026-04-27T06:17:33.0151955Z  * [new branch]      issue-104-5d910a68a250                   -> origin/issue-104-5d910a68a250
JS - Detect Changes	Run actions/checkout@v4	2026-04-27T06:17:33.0155403Z  * [new branch]      issue-106-44f7ed55b657                   -> origin/issue-106-44f7ed55b657
JS - Detect Changes	Run actions/checkout@v4	2026-04-27T06:17:33.0158930Z  * [new branch]      issue-108-a4baf412d9cb                   -> origin/issue-108-a4baf412d9cb
JS - Detect Changes	Run actions/checkout@v4	2026-04-27T06:17:33.0162708Z  * [new branch]      issue-11-2861fe92                        -> origin/issue-11-2861fe92
JS - Detect Changes	Run actions/checkout@v4	2026-04-27T06:17:33.0166006Z  * [new branch]      issue-13-a8f3466f6d79                    -> origin/issue-13-a8f3466f6d79
JS - Detect Changes	Run actions/checkout@v4	2026-04-27T06:17:33.0169463Z  * [new branch]      issue-15-ba41292e60dd                    -> origin/issue-15-ba41292e60dd
JS - Detect Changes	Run actions/checkout@v4	2026-04-27T06:17:33.0172952Z  * [new branch]      issue-17-d61fd69fb1d0                    -> origin/issue-17-d61fd69fb1d0
JS - Detect Changes	Run actions/checkout@v4	2026-04-27T06:17:33.0176316Z  * [new branch]      issue-19-7350892c64e0                    -> origin/issue-19-7350892c64e0
JS - Detect Changes	Run actions/checkout@v4	2026-04-27T06:17:33.0179880Z  * [new branch]      issue-21-ae540dd05ccf                    -> origin/issue-21-ae540dd05ccf
JS - Detect Changes	Run actions/checkout@v4	2026-04-27T06:17:33.0184110Z  * [new branch]      issue-24-000cedc18c0c                    -> origin/issue-24-000cedc18c0c
JS - Detect Changes	Run actions/checkout@v4	2026-04-27T06:17:33.0188065Z  * [new branch]      issue-26-f5bc08d1c062                    -> origin/issue-26-f5bc08d1c062
JS - Detect Changes	Run actions/checkout@v4	2026-04-27T06:17:33.0192107Z  * [new branch]      issue-28-9ae2d8528d6f                    -> origin/issue-28-9ae2d8528d6f
JS - Detect Changes	Run actions/checkout@v4	2026-04-27T06:17:33.0196040Z  * [new branch]      issue-29-1750ff5496be                    -> origin/issue-29-1750ff5496be
JS - Detect Changes	Run actions/checkout@v4	2026-04-27T06:17:33.0199802Z  * [new branch]      issue-3-e1f5cfd3                         -> origin/issue-3-e1f5cfd3
JS - Detect Changes	Run actions/checkout@v4	2026-04-27T06:17:33.0203725Z  * [new branch]      issue-31-e38e38b91777                    -> origin/issue-31-e38e38b91777
JS - Detect Changes	Run actions/checkout@v4	2026-04-27T06:17:33.0207580Z  * [new branch]      issue-33-597c234012bd                    -> origin/issue-33-597c234012bd
JS - Detect Changes	Run actions/checkout@v4	2026-04-27T06:17:33.0211629Z  * [new branch]      issue-36-4868dc6a6cd1                    -> origin/issue-36-4868dc6a6cd1
JS - Detect Changes	Run actions/checkout@v4	2026-04-27T06:17:33.0215422Z  * [new branch]      issue-38-1c6b407f9682                    -> origin/issue-38-1c6b407f9682
JS - Detect Changes	Run actions/checkout@v4	2026-04-27T06:17:33.0219186Z  * [new branch]      issue-40-aea0c7bbe29d                    -> origin/issue-40-aea0c7bbe29d
JS - Detect Changes	Run actions/checkout@v4	2026-04-27T06:17:33.0221937Z  * [new branch]      issue-42-51e981719f34                    -> origin/issue-42-51e981719f34
JS - Detect Changes	Run actions/checkout@v4	2026-04-27T06:17:33.0224350Z  * [new branch]      issue-44-5fc8fd3303bb                    -> origin/issue-44-5fc8fd3303bb
JS - Detect Changes	Run actions/checkout@v4	2026-04-27T06:17:33.0226627Z  * [new branch]      issue-46-74be9b28b867                    -> origin/issue-46-74be9b28b867
JS - Detect Changes	Run actions/checkout@v4	2026-04-27T06:17:33.0229041Z  * [new branch]      issue-48-fa0cc317013f                    -> origin/issue-48-fa0cc317013f
JS - Detect Changes	Run actions/checkout@v4	2026-04-27T06:17:33.0231416Z  * [new branch]      issue-5-37ef445c                         -> origin/issue-5-37ef445c
JS - Detect Changes	Run actions/checkout@v4	2026-04-27T06:17:33.0233921Z  * [new branch]      issue-50-accd5e4cfac0                    -> origin/issue-50-accd5e4cfac0
JS - Detect Changes	Run actions/checkout@v4	2026-04-27T06:17:33.0237793Z  * [new branch]      issue-52-b275657642c1                    -> origin/issue-52-b275657642c1
JS - Detect Changes	Run actions/checkout@v4	2026-04-27T06:17:33.0240370Z  * [new branch]      issue-53-ee04eb2d7520                    -> origin/issue-53-ee04eb2d7520
JS - Detect Changes	Run actions/checkout@v4	2026-04-27T06:17:33.0242904Z  * [new branch]      issue-56-a89df19bbdc2                    -> origin/issue-56-a89df19bbdc2
JS - Detect Changes	Run actions/checkout@v4	2026-04-27T06:17:33.0245750Z  * [new branch]      issue-58-c1217b0e73df                    -> origin/issue-58-c1217b0e73df
JS - Detect Changes	Run actions/checkout@v4	2026-04-27T06:17:33.0248440Z  * [new branch]      issue-60-7c97a8e6f23e                    -> origin/issue-60-7c97a8e6f23e
JS - Detect Changes	Run actions/checkout@v4	2026-04-27T06:17:33.0251114Z  * [new branch]      issue-62-5074090c911d                    -> origin/issue-62-5074090c911d
JS - Detect Changes	Run actions/checkout@v4	2026-04-27T06:17:33.0253627Z  * [new branch]      issue-64-fc240b6b34c4                    -> origin/issue-64-fc240b6b34c4
JS - Detect Changes	Run actions/checkout@v4	2026-04-27T06:17:33.0256274Z  * [new branch]      issue-66-d851400625b3                    -> origin/issue-66-d851400625b3
JS - Detect Changes	Run actions/checkout@v4	2026-04-27T06:17:33.0258654Z  * [new branch]      issue-68-f537a341d162                    -> origin/issue-68-f537a341d162
JS - Detect Changes	Run actions/checkout@v4	2026-04-27T06:17:33.0260960Z  * [new branch]      issue-7-c22ac3d5                         -> origin/issue-7-c22ac3d5
JS - Detect Changes	Run actions/checkout@v4	2026-04-27T06:17:33.0263607Z  * [new branch]      issue-70-46e0722472f6                    -> origin/issue-70-46e0722472f6
JS - Detect Changes	Run actions/checkout@v4	2026-04-27T06:17:33.0265996Z  * [new branch]      issue-72-531c48705fe1                    -> origin/issue-72-531c48705fe1
JS - Detect Changes	Run actions/checkout@v4	2026-04-27T06:17:33.0268354Z  * [new branch]      issue-73-3365a59a0651                    -> origin/issue-73-3365a59a0651
JS - Detect Changes	Run actions/checkout@v4	2026-04-27T06:17:33.0270725Z  * [new branch]      issue-76-4c3ce2d4c38d                    -> origin/issue-76-4c3ce2d4c38d
JS - Detect Changes	Run actions/checkout@v4	2026-04-27T06:17:33.0273267Z  * [new branch]      issue-77-9d57d4be5f06                    -> origin/issue-77-9d57d4be5f06
JS - Detect Changes	Run actions/checkout@v4	2026-04-27T06:17:33.0275609Z  * [new branch]      issue-78-06df01a6d67d                    -> origin/issue-78-06df01a6d67d
JS - Detect Changes	Run actions/checkout@v4	2026-04-27T06:17:33.0277925Z  * [new branch]      issue-79-0f3c100bef61                    -> origin/issue-79-0f3c100bef61
JS - Detect Changes	Run actions/checkout@v4	2026-04-27T06:17:33.0280175Z  * [new branch]      issue-8-2bf69acf                         -> origin/issue-8-2bf69acf
JS - Detect Changes	Run actions/checkout@v4	2026-04-27T06:17:33.0282815Z  * [new branch]      issue-80-65a47c9900f7                    -> origin/issue-80-65a47c9900f7
JS - Detect Changes	Run actions/checkout@v4	2026-04-27T06:17:33.0285871Z  * [new branch]      issue-81-95139eb5d319                    -> origin/issue-81-95139eb5d319
JS - Detect Changes	Run actions/checkout@v4	2026-04-27T06:17:33.0289359Z  * [new branch]      issue-88-fa5db9d51224                    -> origin/issue-88-fa5db9d51224
JS - Detect Changes	Run actions/checkout@v4	2026-04-27T06:17:33.0293164Z  * [new branch]      issue-90-401b508c5c66                    -> origin/issue-90-401b508c5c66
JS - Detect Changes	Run actions/checkout@v4	2026-04-27T06:17:33.0296787Z  * [new branch]      issue-92-42b86cc335df                    -> origin/issue-92-42b86cc335df
JS - Detect Changes	Run actions/checkout@v4	2026-04-27T06:17:33.0300388Z  * [new branch]      issue-94-2e4653a0a183                    -> origin/issue-94-2e4653a0a183
JS - Detect Changes	Run actions/checkout@v4	2026-04-27T06:17:33.0304179Z  * [new branch]      issue-96-3180a89c0b82                    -> origin/issue-96-3180a89c0b82
JS - Detect Changes	Run actions/checkout@v4	2026-04-27T06:17:33.0306800Z  * [new branch]      issue-98-c765b5595cf4                    -> origin/issue-98-c765b5595cf4
JS - Detect Changes	Run actions/checkout@v4	2026-04-27T06:17:33.0308925Z  * [new branch]      main                                     -> origin/main
JS - Detect Changes	Run actions/checkout@v4	2026-04-27T06:17:33.0311706Z  * [new tag]         js-v1.7.10                               -> js-v1.7.10
JS - Detect Changes	Run actions/checkout@v4	2026-04-27T06:17:33.0313774Z  * [new tag]         js-v1.7.11                               -> js-v1.7.11
JS - Detect Changes	Run actions/checkout@v4	2026-04-27T06:17:33.0315452Z  * [new tag]         js-v1.7.12                               -> js-v1.7.12
JS - Detect Changes	Run actions/checkout@v4	2026-04-27T06:17:33.0317139Z  * [new tag]         js-v1.7.13                               -> js-v1.7.13
JS - Detect Changes	Run actions/checkout@v4	2026-04-27T06:17:33.0319064Z  * [new tag]         js-v1.7.14                               -> js-v1.7.14
JS - Detect Changes	Run actions/checkout@v4	2026-04-27T06:17:33.0321675Z  * [new tag]         js-v1.7.15                               -> js-v1.7.15
JS - Detect Changes	Run actions/checkout@v4	2026-04-27T06:17:33.0324151Z  * [new tag]         js-v1.7.16                               -> js-v1.7.16
JS - Detect Changes	Run actions/checkout@v4	2026-04-27T06:17:33.0327213Z  * [new tag]         js-v1.7.17                               -> js-v1.7.17
JS - Detect Changes	Run actions/checkout@v4	2026-04-27T06:17:33.0329635Z  * [new tag]         js-v1.7.9                                -> js-v1.7.9
JS - Detect Changes	Run actions/checkout@v4	2026-04-27T06:17:33.0332460Z  * [new tag]         rust-v0.1.0                              -> rust-v0.1.0
JS - Detect Changes	Run actions/checkout@v4	2026-04-27T06:17:33.0335070Z  * [new tag]         rust-v0.2.0                              -> rust-v0.2.0
JS - Detect Changes	Run actions/checkout@v4	2026-04-27T06:17:33.0337613Z  * [new tag]         rust-v0.2.1                              -> rust-v0.2.1
JS - Detect Changes	Run actions/checkout@v4	2026-04-27T06:17:33.0339305Z  * [new tag]         rust-v0.3.0                              -> rust-v0.3.0
JS - Detect Changes	Run actions/checkout@v4	2026-04-27T06:17:33.0340987Z  * [new tag]         rust-v0.3.1                              -> rust-v0.3.1
JS - Detect Changes	Run actions/checkout@v4	2026-04-27T06:17:33.0343673Z  * [new tag]         rust-v0.3.2                              -> rust-v0.3.2
JS - Detect Changes	Run actions/checkout@v4	2026-04-27T06:17:33.0345678Z  * [new tag]         rust-v0.3.3                              -> rust-v0.3.3
JS - Detect Changes	Run actions/checkout@v4	2026-04-27T06:17:33.0347391Z  * [new tag]         rust-v0.3.4                              -> rust-v0.3.4
JS - Detect Changes	Run actions/checkout@v4	2026-04-27T06:17:33.0349110Z  * [new tag]         rust-v0.3.5                              -> rust-v0.3.5
JS - Detect Changes	Run actions/checkout@v4	2026-04-27T06:17:33.0350800Z  * [new tag]         rust-v0.3.6                              -> rust-v0.3.6
JS - Detect Changes	Run actions/checkout@v4	2026-04-27T06:17:33.0352682Z  * [new tag]         rust-v0.3.7                              -> rust-v0.3.7
JS - Detect Changes	Run actions/checkout@v4	2026-04-27T06:17:33.0354394Z  * [new tag]         rust-v0.3.8                              -> rust-v0.3.8
JS - Detect Changes	Run actions/checkout@v4	2026-04-27T06:17:33.0356052Z  * [new tag]         rust-v0.3.9                              -> rust-v0.3.9
JS - Detect Changes	Run actions/checkout@v4	2026-04-27T06:17:33.0357688Z  * [new tag]         v1.1.1                                   -> v1.1.1
JS - Detect Changes	Run actions/checkout@v4	2026-04-27T06:17:33.0359219Z  * [new tag]         v1.1.2                                   -> v1.1.2
JS - Detect Changes	Run actions/checkout@v4	2026-04-27T06:17:33.0360751Z  * [new tag]         v1.1.3                                   -> v1.1.3
JS - Detect Changes	Run actions/checkout@v4	2026-04-27T06:17:33.0362430Z  * [new tag]         v1.2.0                                   -> v1.2.0
JS - Detect Changes	Run actions/checkout@v4	2026-04-27T06:17:33.0363972Z  * [new tag]         v1.3.0                                   -> v1.3.0
JS - Detect Changes	Run actions/checkout@v4	2026-04-27T06:17:33.0365532Z  * [new tag]         v1.7.2                                   -> v1.7.2
JS - Detect Changes	Run actions/checkout@v4	2026-04-27T06:17:33.0367288Z  * [new tag]         v1.7.3                                   -> v1.7.3
JS - Detect Changes	Run actions/checkout@v4	2026-04-27T06:17:33.0368824Z  * [new tag]         v1.7.4                                   -> v1.7.4
JS - Detect Changes	Run actions/checkout@v4	2026-04-27T06:17:33.0370329Z  * [new tag]         v1.7.5                                   -> v1.7.5
JS - Detect Changes	Run actions/checkout@v4	2026-04-27T06:17:33.0371964Z  * [new tag]         v1.7.6                                   -> v1.7.6
JS - Detect Changes	Run actions/checkout@v4	2026-04-27T06:17:33.0373486Z  * [new tag]         v1.7.7                                   -> v1.7.7
JS - Detect Changes	Run actions/checkout@v4	2026-04-27T06:17:33.0374999Z  * [new tag]         v1.7.8                                   -> v1.7.8
JS - Detect Changes	Run actions/checkout@v4	2026-04-27T06:17:33.0376661Z  * [new ref]         4c515f52cc9fb435956148e71344106f91fa3372 -> pull/109/merge
JS - Detect Changes	Run actions/checkout@v4	2026-04-27T06:17:33.0380382Z ##[endgroup]
JS - Detect Changes	Run actions/checkout@v4	2026-04-27T06:17:33.0381963Z ##[group]Determining the checkout info
JS - Detect Changes	Run actions/checkout@v4	2026-04-27T06:17:33.0383596Z ##[endgroup]
JS - Detect Changes	Run actions/checkout@v4	2026-04-27T06:17:33.0384539Z [command]/usr/bin/git sparse-checkout disable
JS - Detect Changes	Run actions/checkout@v4	2026-04-27T06:17:33.0387241Z [command]/usr/bin/git config --local --unset-all extensions.worktreeConfig
JS - Detect Changes	Run actions/checkout@v4	2026-04-27T06:17:33.0390458Z ##[group]Checking out the ref
JS - Detect Changes	Run actions/checkout@v4	2026-04-27T06:17:33.0392009Z [command]/usr/bin/git checkout --progress --force refs/remotes/pull/109/merge
JS - Detect Changes	Run actions/checkout@v4	2026-04-27T06:17:33.0803137Z Note: switching to 'refs/remotes/pull/109/merge'.
JS - Detect Changes	Run actions/checkout@v4	2026-04-27T06:17:33.0804530Z
JS - Detect Changes	Run actions/checkout@v4	2026-04-27T06:17:33.0805287Z You are in 'detached HEAD' state. You can look around, make experimental
JS - Detect Changes	Run actions/checkout@v4	2026-04-27T06:17:33.0807111Z changes and commit them, and you can discard any commits you make in this
JS - Detect Changes	Run actions/checkout@v4	2026-04-27T06:17:33.0808897Z state without impacting any branches by switching back to a branch.
JS - Detect Changes	Run actions/checkout@v4	2026-04-27T06:17:33.0809972Z
JS - Detect Changes	Run actions/checkout@v4	2026-04-27T06:17:33.0811058Z If you want to create a new branch to retain commits you create, you may
JS - Detect Changes	Run actions/checkout@v4	2026-04-27T06:17:33.0813521Z do so (now or later) by using -c with the switch command. Example:
JS - Detect Changes	Run actions/checkout@v4	2026-04-27T06:17:33.0814493Z
JS - Detect Changes	Run actions/checkout@v4	2026-04-27T06:17:33.0815188Z   git switch -c <new-branch-name>
JS - Detect Changes	Run actions/checkout@v4	2026-04-27T06:17:33.0815831Z
JS - Detect Changes	Run actions/checkout@v4	2026-04-27T06:17:33.0816195Z Or undo this operation with:
JS - Detect Changes	Run actions/checkout@v4	2026-04-27T06:17:33.0816788Z
JS - Detect Changes	Run actions/checkout@v4	2026-04-27T06:17:33.0817141Z   git switch -
JS - Detect Changes	Run actions/checkout@v4	2026-04-27T06:17:33.0817769Z
JS - Detect Changes	Run actions/checkout@v4	2026-04-27T06:17:33.0818540Z Turn off this advice by setting config variable advice.detachedHead to false
JS - Detect Changes	Run actions/checkout@v4	2026-04-27T06:17:33.0819685Z
JS - Detect Changes	Run actions/checkout@v4	2026-04-27T06:17:33.0820977Z HEAD is now at 4c515f5 Merge 4a745f662a4329eb753ca2fb097c5491769917da into 0422bcd2b2c7fbcacb138338ddcea537bb515c25
JS - Detect Changes	Run actions/checkout@v4	2026-04-27T06:17:33.0825390Z ##[endgroup]
JS - Detect Changes	Run actions/checkout@v4	2026-04-27T06:17:33.0851111Z [command]/usr/bin/git log -1 --format=%H
JS - Detect Changes	Run actions/checkout@v4	2026-04-27T06:17:33.0872416Z 4c515f52cc9fb435956148e71344106f91fa3372
JS - Detect Changes	Detect changes	﻿2026-04-27T06:17:33.1089099Z ##[group]Run node scripts/detect-code-changes.mjs
JS - Detect Changes	Detect changes	2026-04-27T06:17:33.1090682Z [36;1mnode scripts/detect-code-changes.mjs[0m
JS - Detect Changes	Detect changes	2026-04-27T06:17:33.1110846Z shell: /usr/bin/bash -e {0}
JS - Detect Changes	Detect changes	2026-04-27T06:17:33.1112095Z env:
JS - Detect Changes	Detect changes	2026-04-27T06:17:33.1112866Z   GITHUB_EVENT_NAME: pull_request
JS - Detect Changes	Detect changes	2026-04-27T06:17:33.1114143Z   GITHUB_BASE_SHA: 0422bcd2b2c7fbcacb138338ddcea537bb515c25
JS - Detect Changes	Detect changes	2026-04-27T06:17:33.1115675Z   GITHUB_HEAD_SHA: 4a745f662a4329eb753ca2fb097c5491769917da
JS - Detect Changes	Detect changes	2026-04-27T06:17:33.1116973Z ##[endgroup]
JS - Detect Changes	Detect changes	2026-04-27T06:17:33.2116567Z Detecting file changes for CI/CD...
JS - Detect Changes	Detect changes	2026-04-27T06:17:33.2117695Z
JS - Detect Changes	Detect changes	2026-04-27T06:17:33.2162647Z Merge commit detected (pull_request event)
JS - Detect Changes	Detect changes	2026-04-27T06:17:33.2165183Z Comparing HEAD^2^ to HEAD^2 (per-commit diff of PR head)
JS - Detect Changes	Detect changes	2026-04-27T06:17:33.2192040Z Changed files:
JS - Detect Changes	Detect changes	2026-04-27T06:17:33.2193591Z   .gitkeep
JS - Detect Changes	Detect changes	2026-04-27T06:17:33.2194233Z
JS - Detect Changes	Detect changes	2026-04-27T06:17:33.2196326Z js-code-changed=false
JS - Detect Changes	Detect changes	2026-04-27T06:17:33.2197803Z js-changed=false
JS - Detect Changes	Detect changes	2026-04-27T06:17:33.2199163Z rust-code-changed=false
JS - Detect Changes	Detect changes	2026-04-27T06:17:33.2200807Z rust-changed=false
JS - Detect Changes	Detect changes	2026-04-27T06:17:33.2202572Z scripts-changed=false
JS - Detect Changes	Detect changes	2026-04-27T06:17:33.2204050Z js-scripts-changed=false
JS - Detect Changes	Detect changes	2026-04-27T06:17:33.2205581Z rust-scripts-changed=false
JS - Detect Changes	Detect changes	2026-04-27T06:17:33.2207057Z workflow-changed=false
JS - Detect Changes	Detect changes	2026-04-27T06:17:33.2208535Z js-workflow-changed=false
JS - Detect Changes	Detect changes	2026-04-27T06:17:33.2209936Z rust-workflow-changed=false
JS - Detect Changes	Detect changes	2026-04-27T06:17:33.2211364Z docs-changed=false
JS - Detect Changes	Detect changes	2026-04-27T06:17:33.2212358Z
JS - Detect Changes	Detect changes	2026-04-27T06:17:33.2213352Z Files considered as code changes:
JS - Detect Changes	Detect changes	2026-04-27T06:17:33.2214874Z   .gitkeep
JS - Detect Changes	Detect changes	2026-04-27T06:17:33.2215560Z
JS - Detect Changes	Detect changes	2026-04-27T06:17:33.2216113Z any-code-changed=false
JS - Detect Changes	Detect changes	2026-04-27T06:17:33.2217506Z any-js-code-changed=false
JS - Detect Changes	Detect changes	2026-04-27T06:17:33.2220679Z any-rust-code-changed=false
JS - Detect Changes	Detect changes	2026-04-27T06:17:33.2221872Z
JS - Detect Changes	Detect changes	2026-04-27T06:17:33.2222427Z Change detection completed.
JS - Detect Changes	Post Run actions/checkout@v4	﻿2026-04-27T06:17:33.2465711Z Post job cleanup.
JS - Detect Changes	Post Run actions/checkout@v4	2026-04-27T06:17:33.3419546Z [command]/usr/bin/git version
JS - Detect Changes	Post Run actions/checkout@v4	2026-04-27T06:17:33.3464376Z git version 2.53.0
JS - Detect Changes	Post Run actions/checkout@v4	2026-04-27T06:17:33.3504481Z Temporarily overriding HOME='/home/runner/work/_temp/52256e02-ca43-47e0-9afd-7f4e078dcd7f' before making global git config changes
JS - Detect Changes	Post Run actions/checkout@v4	2026-04-27T06:17:33.3507114Z Adding repository directory to the temporary git global config as a safe directory
JS - Detect Changes	Post Run actions/checkout@v4	2026-04-27T06:17:33.3509609Z [command]/usr/bin/git config --global --add safe.directory /home/runner/work/web-capture/web-capture
JS - Detect Changes	Post Run actions/checkout@v4	2026-04-27T06:17:33.3542643Z [command]/usr/bin/git config --local --name-only --get-regexp core\.sshCommand
JS - Detect Changes	Post Run actions/checkout@v4	2026-04-27T06:17:33.3574702Z [command]/usr/bin/git submodule foreach --recursive sh -c "git config --local --name-only --get-regexp 'core\.sshCommand' && git config --local --unset-all 'core.sshCommand' || :"
JS - Detect Changes	Post Run actions/checkout@v4	2026-04-27T06:17:33.3764076Z [command]/usr/bin/git config --local --name-only --get-regexp http\.https\:\/\/github\.com\/\.extraheader
JS - Detect Changes	Post Run actions/checkout@v4	2026-04-27T06:17:33.3783097Z http.https://github.com/.extraheader
JS - Detect Changes	Post Run actions/checkout@v4	2026-04-27T06:17:33.3794586Z [command]/usr/bin/git config --local --unset-all http.https://github.com/.extraheader
JS - Detect Changes	Post Run actions/checkout@v4	2026-04-27T06:17:33.3821830Z [command]/usr/bin/git submodule foreach --recursive sh -c "git config --local --name-only --get-regexp 'http\.https\:\/\/github\.com\/\.extraheader' && git config --local --unset-all 'http.https://github.com/.extraheader' || :"
JS - Detect Changes	Post Run actions/checkout@v4	2026-04-27T06:17:33.4002426Z [command]/usr/bin/git config --local --name-only --get-regexp ^includeIf\.gitdir:
JS - Detect Changes	Post Run actions/checkout@v4	2026-04-27T06:17:33.4032738Z [command]/usr/bin/git submodule foreach --recursive git config --local --show-origin --name-only --get-regexp remote.origin.url
JS - Detect Changes	Complete job	﻿2026-04-27T06:17:33.4344393Z Evaluate and set job outputs
JS - Detect Changes	Complete job	2026-04-27T06:17:33.4356846Z Set output 'js-code-changed'
JS - Detect Changes	Complete job	2026-04-27T06:17:33.4359549Z Set output 'js-changed'
JS - Detect Changes	Complete job	2026-04-27T06:17:33.4360816Z Set output 'scripts-changed'
JS - Detect Changes	Complete job	2026-04-27T06:17:33.4362392Z Set output 'js-workflow-changed'
JS - Detect Changes	Complete job	2026-04-27T06:17:33.4363655Z Set output 'any-js-code-changed'
JS - Detect Changes	Complete job	2026-04-27T06:17:33.4364845Z Set output 'any-code-changed'
JS - Detect Changes	Complete job	2026-04-27T06:17:33.4366017Z Set output 'docs-changed'
JS - Detect Changes	Complete job	2026-04-27T06:17:33.4367586Z Cleaning up orphan processes
JS - Detect Changes	Complete job	2026-04-27T06:17:33.4778968Z ##[warning]Node.js 20 actions are deprecated. The following actions are running on Node.js 20 and may not work as expected: actions/checkout@v4. Actions will be forced to run with Node.js 24 by default starting June 2nd, 2026. Node.js 20 will be removed from the runner on September 16th, 2026. Please check if updated versions of these actions are available that support Node.js 24. To opt into Node.js 24 now, set the FORCE_JAVASCRIPT_ACTIONS_TO_NODE24=true environment variable on the runner or in your workflow file. Once Node.js 24 becomes the default, you can temporarily opt out by setting ACTIONS_ALLOW_USE_UNSECURE_NODE_VERSION=true. For more information see: https://github.blog/changelog/2025-09-19-deprecation-of-node-20-on-github-actions-runners/
