    Blocking waiting for file lock on package cache
    Blocking waiting for file lock on package cache
    Blocking waiting for file lock on package cache
   Compiling proc-macro2 v1.0.106
   Compiling quote v1.0.45
   Compiling unicode-ident v1.0.24
   Compiling cfg-if v1.0.4
   Compiling libc v0.2.184
   Compiling serde_core v1.0.228
   Compiling serde v1.0.228
   Compiling smallvec v1.15.1
   Compiling value-bag v1.12.0
   Compiling pin-project-lite v0.2.17
   Compiling itoa v1.0.18
   Compiling futures-core v0.3.32
   Compiling log v0.4.29
   Compiling memchr v2.8.0
   Compiling parking_lot_core v0.9.12
   Compiling scopeguard v1.2.0
   Compiling lock_api v0.4.14
   Compiling once_cell v1.21.4
   Compiling version_check v0.9.5
   Compiling syn v2.0.117
   Compiling stable_deref_trait v1.2.1
   Compiling siphasher v1.0.2
   Compiling rand_core v0.6.4
   Compiling futures-io v0.3.32
   Compiling parking_lot v0.12.5
   Compiling rand v0.8.5
   Compiling phf_shared v0.11.3
   Compiling bitflags v2.11.0
   Compiling slab v0.4.12
   Compiling phf_generator v0.11.3
   Compiling errno v0.3.14
   Compiling crossbeam-utils v0.8.21
   Compiling signal-hook-registry v1.4.8
   Compiling futures-sink v0.3.32
   Compiling mio v1.2.0
   Compiling socket2 v0.6.3
   Compiling phf_codegen v0.11.3
   Compiling tracing-core v0.1.36
   Compiling parking v2.2.1
   Compiling concurrent-queue v2.5.0
   Compiling futures-channel v0.3.32
   Compiling find-msvc-tools v0.1.9
   Compiling atomic-waker v1.1.2
   Compiling percent-encoding v2.3.2
   Compiling writeable v0.6.3
   Compiling shlex v1.3.0
   Compiling litemap v0.8.2
   Compiling pkg-config v0.3.33
   Compiling cc v1.2.60
   Compiling zmij v1.0.21
   Compiling icu_properties_data v2.2.0
   Compiling utf8_iter v1.0.4
   Compiling futures-task v0.3.32
   Compiling vcpkg v0.2.15
   Compiling utf-8 v0.7.6
   Compiling icu_normalizer_data v2.2.0
   Compiling string_cache_codegen v0.5.4
   Compiling httparse v1.10.1
   Compiling new_debug_unreachable v1.0.6
   Compiling fastrand v2.4.1
   Compiling serde_json v1.0.149
   Compiling crc32fast v1.5.0
   Compiling equivalent v1.0.2
   Compiling zerocopy v0.8.48
   Compiling typenum v1.19.0
   Compiling hashbrown v0.17.0
   Compiling rustix v1.1.4
   Compiling openssl-sys v0.9.113
   Compiling fnv v1.0.7
   Compiling synstructure v0.13.2
   Compiling futures-lite v2.6.1
   Compiling indexmap v2.14.0
   Compiling event-listener v5.4.1
   Compiling generic-array v0.14.7
   Compiling linux-raw-sys v0.12.1
   Compiling time-core v0.1.8
   Compiling autocfg v1.5.0
   Compiling powerfmt v0.2.0
   Compiling tower-service v0.3.3
   Compiling num-conv v0.2.1
   Compiling simd-adler32 v0.3.9
   Compiling mac v0.1.1
   Compiling precomputed-hash v0.1.1
   Compiling time-macros v0.2.27
   Compiling futf v0.1.5
   Compiling serde_derive v1.0.228
   Compiling zerofrom-derive v0.1.7
   Compiling yoke-derive v0.8.2
   Compiling zerovec-derive v0.11.3
   Compiling displaydoc v0.2.5
   Compiling tokio-macros v2.7.0
   Compiling zerofrom v0.1.7
   Compiling tracing-attributes v0.1.31
   Compiling futures-macro v0.3.32
   Compiling yoke v0.8.2
   Compiling zerotrie v0.2.4
   Compiling phf_macros v0.11.3
   Compiling zerovec v0.11.6
   Compiling futures-util v0.3.32
   Compiling phf v0.11.3
   Compiling deranged v0.5.8
   Compiling tracing v0.1.44
   Compiling tinystr v0.8.3
   Compiling icu_locale_core v2.2.0
   Compiling potential_utf v0.1.5
   Compiling icu_collections v2.2.0
   Compiling async-io v2.6.0
   Compiling event-listener-strategy v0.5.4
   Compiling bytes v1.11.1
   Compiling icu_provider v2.2.0
   Compiling icu_properties v2.2.0
   Compiling tokio v1.51.1
   Compiling http v1.4.0
   Compiling icu_normalizer v2.2.0
   Compiling http-body v1.0.1
   Compiling idna_adapter v1.2.1
   Compiling form_urlencoded v1.2.2
   Compiling aho-corasick v1.1.4
   Compiling regex-syntax v0.8.10
   Compiling foreign-types-shared v0.1.1
   Compiling thiserror v1.0.69
   Compiling openssl v0.10.77
   Compiling alloc-no-stdlib v2.0.4
   Compiling adler2 v2.0.1
   Compiling try-lock v0.2.5
   Compiling want v0.3.1
   Compiling time v0.3.47
   Compiling miniz_oxide v0.8.9
   Compiling alloc-stdlib v0.2.2
   Compiling foreign-types v0.3.2
   Compiling regex-automata v0.4.14
   Compiling idna v1.1.0
   Compiling tokio-util v0.7.18
   Compiling http-body-util v0.1.3
   Compiling polling v3.11.0
   Compiling h2 v0.4.13
   Compiling string_cache v0.8.9
   Compiling openssl-macros v0.1.1
   Compiling thiserror-impl v1.0.69
   Compiling tendril v0.4.3
   Compiling httpdate v1.0.3
   Compiling native-tls v0.2.18
   Compiling async-task v4.7.1
   Compiling zlib-rs v0.6.3
   Compiling brotli-decompressor v5.0.0
   Compiling async-channel v2.5.0
   Compiling cookie v0.18.1
   Compiling getrandom v0.2.17
   Compiling hyper v1.9.0
   Compiling flate2 v1.1.9
   Compiling sync_wrapper v1.0.2
   Compiling base64 v0.22.1
   Compiling openssl-probe v0.2.1
   Compiling syn v1.0.109
   Compiling ipnet v2.12.0
   Compiling tower-layer v0.3.3
   Compiling byteorder v1.5.0
   Compiling hyper-util v0.1.20
   Compiling brotli v8.0.2
   Compiling url v2.5.8
   Compiling crypto-common v0.1.7
   Compiling block-buffer v0.10.4
   Compiling ppv-lite86 v0.2.21
   Compiling async-lock v3.4.2
   Compiling markup5ever v0.12.1
   Compiling piper v0.2.5
   Compiling mime v0.3.17
   Compiling compression-core v0.4.31
   Compiling blocking v1.6.2
   Compiling rand_chacha v0.3.1
   Compiling digest v0.10.7
   Compiling tokio-native-tls v0.3.1
   Compiling tower v0.5.3
   Compiling async-signal v0.2.14
   Compiling async-executor v1.14.0
   Compiling regex v1.12.3
   Compiling compression-codecs v0.4.37
   Compiling cookie v0.16.2
   Compiling event-listener v2.5.3
   Compiling either v1.15.0
   Compiling psl-types v2.0.11
   Compiling litrs v1.0.0
   Compiling cpufeatures v0.2.17
   Compiling utf8parse v0.2.2
   Compiling ryu v1.0.23
   Compiling rustix v0.38.44
   Compiling serde_urlencoded v0.7.1
   Compiling anstyle-parse v1.0.0
   Compiling document-features v0.2.12
   Compiling sha1 v0.10.6
   Compiling publicsuffix v2.3.0
   Compiling async-channel v1.9.0
   Compiling async-compression v0.4.41
   Compiling async-global-executor v2.4.1
   Compiling async-process v2.5.0
   Compiling hyper-tls v0.6.0
   Compiling chromiumoxide_types v0.7.0
   Compiling html5ever v0.27.0
   Compiling markup5ever v0.14.1
   Compiling async-attributes v1.1.2
   Compiling kv-log-macro v1.0.7
   Compiling zeroize v1.8.2
   Compiling is_terminal_polyfill v1.70.2
   Compiling iri-string v0.7.12
   Compiling pin-utils v0.1.0
   Compiling data-encoding v2.10.0
   Compiling lazy_static v1.5.0
   Compiling anstyle-query v1.1.5
   Compiling colorchoice v1.0.5
   Compiling dtoa v1.0.11
   Compiling getrandom v0.3.4
   Compiling heck v0.4.1
   Compiling anstyle v1.0.14
   Compiling linux-raw-sys v0.4.15
   Compiling anstream v1.0.0
   Compiling chromiumoxide_pdl v0.7.0
   Compiling tungstenite v0.23.0
   Compiling dtoa-short v0.3.5
   Compiling async-std v1.13.2
   Compiling rustls-pki-types v1.14.0
   Compiling tower-http v0.6.8
   Compiling cookie_store v0.22.1
   Compiling futures-executor v0.3.32
   Compiling http v0.2.12
   Compiling cssparser-macros v0.6.1
   Compiling selectors v0.26.0
   Compiling ahash v0.8.12
   Compiling encoding_rs v0.8.35
   Compiling heck v0.5.0
   Compiling clap_lex v1.1.0
   Compiling anyhow v1.0.102
   Compiling unicode-segmentation v1.13.2
   Compiling dtor-proc-macro v0.0.5
   Compiling home v0.5.12
   Compiling option-ext v0.2.0
   Compiling base64 v0.21.7
   Compiling strsim v0.11.1
   Compiling dtor v0.0.6
   Compiling clap_builder v4.6.0
   Compiling webdriver v0.50.0
   Compiling dirs-sys v0.4.1
   Compiling reqwest v0.12.28
   Compiling which v6.0.3
   Compiling clap_derive v4.6.0
   Compiling cssparser v0.34.0
   Compiling async-tungstenite v0.27.0
   Compiling futures v0.3.32
   Compiling chromiumoxide_cdp v0.7.0
   Compiling sharded-slab v0.1.7
   Compiling xml5ever v0.18.1
   Compiling fxhash v0.2.1
   Compiling matchers v0.2.0
   Compiling derive_more v0.99.20
   Compiling match_token v0.1.0
   Compiling tracing-log v0.2.0
   Compiling servo_arc v0.4.3
   Compiling thread_local v1.1.9
   Compiling nu-ansi-term v0.50.3
   Compiling ctor-proc-macro v0.0.6
   Compiling unicode-width v0.2.2
   Compiling dunce v1.0.5
   Compiling thiserror v2.0.18
   Compiling futures-timer v3.0.3
   Compiling bumpalo v3.20.2
   Compiling zopfli v0.8.3
   Compiling getopts v0.2.24
   Compiling ctor v0.4.3
   Compiling tracing-subscriber v0.3.23
   Compiling html5ever v0.29.1
   Compiling markup5ever_rcdom v0.3.0
   Compiling clap v4.6.0
   Compiling fantoccini v0.21.5
   Compiling dirs v5.0.1
   Compiling axum-core v0.5.6
   Compiling thiserror-impl v2.0.18
   Compiling async-trait v0.1.89
   Compiling serde_path_to_error v0.1.20
   Compiling lino-env v0.1.0
   Compiling ego-tree v0.9.0
   Compiling dotenvy v0.15.7
   Compiling matchit v0.8.4
   Compiling utf8-width v0.1.8
   Compiling html-escape v0.2.13
   Compiling axum v0.8.8
   Compiling lino-arguments v0.3.0
   Compiling scraper v0.21.0
   Compiling html2md v0.2.15
   Compiling zip v4.6.1
   Compiling chromiumoxide v0.7.0
   Compiling browser-commander v0.9.1
   Compiling web-capture v0.3.3 (/tmp/gh-issue-solver-1776760404302/rust)
    Finished `release` profile [optimized] target(s) in 2m 59s
