.cargo_vcs_info.json
.gitignore
CHANGELOG.md
Cargo.lock
Cargo.toml
Cargo.toml.orig
Dockerfile
README.md
src/animation.rs
src/batch.rs
src/browser.rs
src/extract_images.rs
src/figures.rs
src/gdocs.rs
src/html.rs
src/latex.rs
src/lib.rs
src/localize_images.rs
src/main.rs
src/markdown.rs
src/metadata.rs
src/postprocess.rs
src/themed_image.rs
src/verify.rs
tests/integration/animation.rs
tests/integration/batch.rs
tests/integration/browser.rs
tests/integration/figures.rs
tests/integration/gdocs.rs
tests/integration/gdocs_image_parity.rs
tests/integration/gdocs_public_doc.rs
tests/integration/mod.rs
tests/integration/themed_image.rs
tests/unit/extract_images.rs
tests/unit/html.rs
tests/unit/latex.rs
tests/unit/lib_api.rs
tests/unit/localize_images.rs
tests/unit/markdown.rs
tests/unit/metadata.rs
tests/unit/mod.rs
tests/unit/postprocess.rs
tests/unit/verify.rs
