
> @link-assistant/web-capture@1.7.5 lint
> eslint .


/tmp/gh-issue-solver-1776336600314/js/bin/web-capture.js
   14:10  warning  Method 'yargs' has too many lines (220). Maximum allowed is 150                   max-lines-per-function
  386:1   warning  Async function 'captureUrl' has too many lines (595). Maximum allowed is 150      max-lines-per-function
  386:1   warning  Async function 'captureUrl' has too many statements (275). Maximum allowed is 60  max-statements
  386:1   warning  Async function 'captureUrl' has a complexity of 122. Maximum allowed is 15        complexity
  579:13  warning  Blocks are nested too deeply (6). Maximum allowed is 5                            max-depth
  602:13  warning  Blocks are nested too deeply (6). Maximum allowed is 5                            max-depth
  620:13  warning  Blocks are nested too deeply (6). Maximum allowed is 5                            max-depth
  624:15  warning  Blocks are nested too deeply (7). Maximum allowed is 5                            max-depth
  635:15  warning  Blocks are nested too deeply (7). Maximum allowed is 5                            max-depth

/tmp/gh-issue-solver-1776336600314/js/src/animation.js
  93:8  warning  Async function 'captureAnimationFrames' has a complexity of 19. Maximum allowed is 15  complexity

/tmp/gh-issue-solver-1776336600314/js/src/archive.js
  31:8  warning  Async function 'archiveHandler' has too many statements (66). Maximum allowed is 60  max-statements
  31:8  warning  Async function 'archiveHandler' has a complexity of 28. Maximum allowed is 15        complexity

/tmp/gh-issue-solver-1776336600314/js/src/docx.js
  26:8   warning  Async function 'docxHandler' has a complexity of 35. Maximum allowed is 15  complexity
  77:13  warning  Blocks are nested too deeply (6). Maximum allowed is 5                      max-depth

/tmp/gh-issue-solver-1776336600314/js/src/gdocs.js
  421:8  warning  Function 'parseGoogleDocsModelChunks' has too many statements (66). Maximum allowed is 60  max-statements
  421:8  warning  Function 'parseGoogleDocsModelChunks' has a complexity of 33. Maximum allowed is 15        complexity

/tmp/gh-issue-solver-1776336600314/js/src/image.js
  18:8  warning  Async function 'imageHandler' has a complexity of 17. Maximum allowed is 15  complexity

/tmp/gh-issue-solver-1776336600314/js/src/lib.js
  317:8  warning  Function 'convertHtmlToMarkdownEnhanced' has too many lines (169). Maximum allowed is 150  max-lines-per-function

/tmp/gh-issue-solver-1776336600314/js/src/metadata.js
   24:8  warning  Function 'extractMetadata' has too many statements (64). Maximum allowed is 60  max-statements
   24:8  warning  Function 'extractMetadata' has a complexity of 25. Maximum allowed is 15        complexity
  172:8  warning  Function 'formatMetadataBlock' has a complexity of 20. Maximum allowed is 15    complexity
  264:8  warning  Function 'formatFooterBlock' has a complexity of 19. Maximum allowed is 15      complexity

/tmp/gh-issue-solver-1776336600314/js/src/postprocess.js
  102:17  warning  Arrow function has a complexity of 18. Maximum allowed is 15  complexity

/tmp/gh-issue-solver-1776336600314/js/src/verify.js
  91:8  warning  Function 'verifyMarkdownContent' has too many lines (190). Maximum allowed is 150     max-lines-per-function
  91:8  warning  Function 'verifyMarkdownContent' has too many statements (86). Maximum allowed is 60  max-statements
  91:8  warning  Function 'verifyMarkdownContent' has a complexity of 51. Maximum allowed is 15        complexity

✖ 26 problems (0 errors, 26 warnings)

